<?xml version="1.0" encoding="UTF-8"?>
<!-- Generated by org.testng.reporters.JUnitXMLReporter -->
<testsuite ignored="0" hostname="LAPTOP-D6P6TIST" failures="1" tests="1" name="Regression2" time="60.671" errors="0" timestamp="2024-02-01T13:25:42 IST">
  <testcase classname="org_bigdeals_tests.Bigdeals_CheckoutShoppingCartValidation" name="verifyCheckOutItemShoppingCartAfterAddingItem" time="36.08">
    <failure type="org.openqa.selenium.ElementClickInterceptedException" message="Element &amp;lt;span class=&amp;quot;myicst&amp;quot;&amp;gt; is not clickable at point (855,59) because another element &amp;lt;div class=&amp;quot;jconfirm-bg jconfirm-bg-h&amp;quot;&amp;gt; obscures it
Build info: version: &amp;apos;4.17.0&amp;apos;, revision: &amp;apos;e52b1be057*&amp;apos;
System info: os.name: &amp;apos;Windows 11&amp;apos;, os.arch: &amp;apos;amd64&amp;apos;, os.version: &amp;apos;10.0&amp;apos;, java.version: &amp;apos;17.0.9&amp;apos;
Driver info: org.openqa.selenium.firefox.FirefoxDriver
Command: [4032a06e-d104-49c3-8ff4-bd63db6b5ea2, clickElement {id=a6df51d4-04e4-4ced-b4ca-2a4ba5b19419}]
Capabilities {acceptInsecureCerts: true, browserName: firefox, browserVersion: 122.0, moz:accessibilityChecks: false, moz:buildID: 20240118164516, moz:debuggerAddress: 127.0.0.1:39079, moz:geckodriverVersion: 0.34.0, moz:headless: false, moz:platformVersion: 10.0, moz:processID: 13564, moz:profile: C:\Users\pathi\AppData\Loca..., moz:shutdownTimeout: 60000, moz:webdriverClick: true, moz:windowless: false, pageLoadStrategy: normal, platformName: windows, proxy: Proxy(), se:cdp: ws://127.0.0.1:39079/devtoo..., se:cdpVersion: 85.0, setWindowRect: true, strictFileInteractability: false, timeouts: {implicit: 0, pageLoad: 300000, script: 30000}, unhandledPromptBehavior: dismiss and notify}
Element: [[FirefoxDriver: firefox on windows (4032a06e-d104-49c3-8ff4-bd63db6b5ea2)] -&amp;gt; xpath: (//span[text()=&amp;apos;Cart&amp;apos;])[1]]
Session ID: 4032a06e-d104-49c3-8ff4-bd63db6b5ea2">
      <![CDATA[org.openqa.selenium.ElementClickInterceptedException: Element <span class="myicst"> is not clickable at point (855,59) because another element <div class="jconfirm-bg jconfirm-bg-h"> obscures it
Build info: version: '4.17.0', revision: 'e52b1be057*'
System info: os.name: 'Windows 11', os.arch: 'amd64', os.version: '10.0', java.version: '17.0.9'
Driver info: org.openqa.selenium.firefox.FirefoxDriver
Command: [4032a06e-d104-49c3-8ff4-bd63db6b5ea2, clickElement {id=a6df51d4-04e4-4ced-b4ca-2a4ba5b19419}]
Capabilities {acceptInsecureCerts: true, browserName: firefox, browserVersion: 122.0, moz:accessibilityChecks: false, moz:buildID: 20240118164516, moz:debuggerAddress: 127.0.0.1:39079, moz:geckodriverVersion: 0.34.0, moz:headless: false, moz:platformVersion: 10.0, moz:processID: 13564, moz:profile: C:\Users\pathi\AppData\Loca..., moz:shutdownTimeout: 60000, moz:webdriverClick: true, moz:windowless: false, pageLoadStrategy: normal, platformName: windows, proxy: Proxy(), se:cdp: ws://127.0.0.1:39079/devtoo..., se:cdpVersion: 85.0, setWindowRect: true, strictFileInteractability: false, timeouts: {implicit: 0, pageLoad: 300000, script: 30000}, unhandledPromptBehavior: dismiss and notify}
Element: [[FirefoxDriver: firefox on windows (4032a06e-d104-49c3-8ff4-bd63db6b5ea2)] -> xpath: (//span[text()='Cart'])[1]]
Session ID: 4032a06e-d104-49c3-8ff4-bd63db6b5ea2
at org.openqa.selenium.remote.codec.w3c.W3CHttpResponseCodec.createException(W3CHttpResponseCodec.java:185)
at org.openqa.selenium.remote.codec.w3c.W3CHttpResponseCodec.decode(W3CHttpResponseCodec.java:134)
at org.openqa.selenium.remote.codec.w3c.W3CHttpResponseCodec.decode(W3CHttpResponseCodec.java:51)
at org.openqa.selenium.remote.HttpCommandExecutor.execute(HttpCommandExecutor.java:190)
at org.openqa.selenium.remote.service.DriverCommandExecutor.invokeExecute(DriverCommandExecutor.java:216)
at org.openqa.selenium.remote.service.DriverCommandExecutor.execute(DriverCommandExecutor.java:174)
at org.openqa.selenium.remote.RemoteWebDriver.execute(RemoteWebDriver.java:519)
at org.openqa.selenium.remote.RemoteWebElement.execute(RemoteWebElement.java:223)
at org.openqa.selenium.remote.RemoteWebElement.click(RemoteWebElement.java:76)
at pages.Bigdeals_ProductDetailsPage.navigateToShoppingCart(Bigdeals_ProductDetailsPage.java:39)
at org_bigdeals_tests.Bigdeals_CheckoutShoppingCartValidation.verifyCheckOutItemShoppingCartAfterAddingItem(Bigdeals_CheckoutShoppingCartValidation.java:66)
at java.base/java.util.ArrayList.forEach(ArrayList.java:1511)
at java.base/java.util.concurrent.FutureTask.run(FutureTask.java:264)
at java.base/java.util.concurrent.ThreadPoolExecutor.runWorker(ThreadPoolExecutor.java:1136)
at java.base/java.util.concurrent.ThreadPoolExecutor$Worker.run(ThreadPoolExecutor.java:635)
at java.base/java.lang.Thread.run(Thread.java:840)
... Removed 22 stack frames]]>
    </failure>
  </testcase> <!-- verifyCheckOutItemShoppingCartAfterAddingItem -->
</testsuite> <!-- Regression2 -->
