<?xml version="1.0" encoding="UTF-8"?>
<!-- Generated by org.testng.reporters.JUnitXMLReporter -->
<testsuite ignored="0" hostname="LAPTOP-D6P6TIST" failures="1" tests="8" name="Regression3" time="168.439" errors="0" timestamp="2024-02-01T13:27:30 IST">
  <testcase classname="org_bigdeals_tests.Bigdeals_HomePageValidation" name="verifyHomepage" time="17.955"/>
  <testcase classname="org_bigdeals_tests.Bigdeals_HomePageValidation" name="verifyHomepage" time="17.902"/>
  <testcase classname="org_bigdeals_tests.Bigdeals_HomePageValidation" name="verifyHomepage" time="17.921">
    <failure type="java.lang.AssertionError" message="expected [https://bigdeals.lk/homeneeds] but found [https://bigdeals.lk/]">
      <![CDATA[java.lang.AssertionError: expected [https://bigdeals.lk/homeneeds] but found [https://bigdeals.lk/]
at pages.Bigdeals_HomePage.validateMainTabVavigation(Bigdeals_HomePage.java:46)
at org_bigdeals_tests.Bigdeals_HomePageValidation.verifyHomepage(Bigdeals_HomePageValidation.java:70)
at java.base/java.util.ArrayList.forEach(ArrayList.java:1511)
at java.base/java.util.concurrent.FutureTask.run(FutureTask.java:264)
at java.base/java.util.concurrent.ThreadPoolExecutor.runWorker(ThreadPoolExecutor.java:1136)
at java.base/java.util.concurrent.ThreadPoolExecutor$Worker.run(ThreadPoolExecutor.java:635)
at java.base/java.lang.Thread.run(Thread.java:840)
... Removed 23 stack frames]]>
    </failure>
  </testcase> <!-- verifyHomepage -->
  <testcase classname="org_bigdeals_tests.Bigdeals_HomePageValidation" name="verifyHomepage" time="14.232"/>
  <testcase classname="org_bigdeals_tests.Bigdeals_HomePageValidation" name="verifyHomepage" time="18.313"/>
  <testcase classname="org_bigdeals_tests.Bigdeals_HomePageValidation" name="verifyHomepage" time="14.504"/>
  <testcase classname="org_bigdeals_tests.Bigdeals_HomePageValidation" name="verifyHomepage" time="14.592"/>
  <testcase classname="org_bigdeals_tests.Bigdeals_HomePageValidation" name="verifyHomepage" time="14.722"/>
</testsuite> <!-- Regression3 -->
